Environment variables:
  - =::=::\
  - =C:=C:\Users\Oana\Desktop\Proiect GASF\GASF
  - =ExitCode=00000001
  - ALLUSERSPROFILE=C:\ProgramData
  - APPDATA=C:\Users\Oana\AppData\Roaming
  - CCP_HOME=C:\Program Files\Microsoft HPC Pack 2012\
  - CCP_JOBTEMPLATE=Default
  - CLASSWORLDS_JAR="D:\programe\apache-maven-3.5.0\bin\..\boot\plexus-classworlds-2.5.2.jar"
  - CLASSWORLDS_LAUNCHER=org.codehaus.plexus.classworlds.launcher.Launcher
  - COMPUTERNAME=OANA-PC
  - CUDA_PATH=C:\Program Files\NVIDIA GPU Computing Toolkit\CUDA\v5.0\
  - CUDA_PATH_V5_0=C:\Program Files\NVIDIA GPU Computing Toolkit\CUDA\v5.0\
  - ComSpec=C:\Windows\system32\cmd.exe
  - CommonProgramFiles=C:\Program Files\Common Files
  - ERROR_CODE=0
  - ESET_OPTIONS=                                                                                                                                                                                                                                                                                                                                                                                                                                                                                                                               
  - EXEC_DIR=C:\Users\Oana\Desktop\Proiect GASF\GASF
  - FP_NO_HOST_CHECK=NO
  - GTK_BASEPATH=C:\Program Files\GtkSharp\2.12\
  - HOMEDRIVE=C:
  - HOMEPATH=\Users\Oana
  - JAVACMD=C:\Program Files\Java\jdk1.8.0_77\bin\java.exe
  - JAVA_HOME=C:\Program Files\Java\jdk1.8.0_77
  - LM_LICENSE_FILE=C:\Modeltech_xe_starter\license.dat
  - LOCALAPPDATA=C:\Users\Oana\AppData\Local
  - LOGONSERVER=\\OANA-PC
  - MAVEN_CMD_LINE_ARGS=sonar:sonar  -Dsonar.host.url=https://sonarqube.com -Dsonar.organization=gideioanamaria-github -Dsonar.login=032159ec6e1a47d1400bc5a02ad760cc14415b0d -X
  - MAVEN_HOME=D:\programe\apache-maven-3.5.0\bin\..
  - MAVEN_PROJECTBASEDIR=C:\Users\Oana\Desktop\Proiect GASF\GASF
  - MSMPI_INC=C:\Program Files\Microsoft HPC Pack 2008 R2\Inc\
  - MSMPI_LIB32=C:\Program Files\Microsoft HPC Pack 2008 R2\Lib\i386\
  - MSMPI_LIB64=C:\Program Files\Microsoft HPC Pack 2008 R2\Lib\amd64\
  - NUMBER_OF_PROCESSORS=2
  - OS=Windows_NT
  - PATHEXT=.COM;.EXE;.BAT;.CMD;.VBS;.VBE;.JS;.JSE;.WSF;.WSH;.MSC
  - PROCESSOR_ARCHITECTURE=x86
  - PROCESSOR_IDENTIFIER=x86 Family 6 Model 55 Stepping 8, GenuineIntel
  - PROCESSOR_LEVEL=6
  - PROCESSOR_REVISION=3708
  - PROMPT=$P$G
  - PSModulePath=C:\Windows\system32\WindowsPowerShell\v1.0\Modules\
  - PUBLIC=C:\Users\Public
  - Path=C:\Program Files\Microsoft HPC Pack 2008 R2\Bin\;C:\Program Files\Microsoft HPC Pack 2012\Bin\;C:\ProgramData\Oracle\Java\javapath;C:\Windows\system32;C:\Windows;C:\Windows\System32\Wbem;C:\Windows\System32\WindowsPowerShell\v1.0\;C:\Program Files\Skype\Phone\;C:\Program Files\GtkSharp\2.12\bin;C:\Spin;C:\Program Files\Microsoft SQL Server\90\Tools\binn\;C:\Program Files\Microchip\xc32\v1.42\bin;C:\Program Files\Microchip\xc16\v1.30\bin;C:\Xilinx92i\bin\nt;C:\Program Files\CodeBlocks\MinGW\bin;C:\TDM-GCC-32\bin;C:\Users\Oana\AppData\Roaming\Microsoft\Windows\Start Menu\Programs\GitHub, Inc;C:\Program Files\Git\cmd;C:\Program Files\MPICH2\bin;C:\Program Files\Microsoft SQL Server\110\Tools\Binn\;D:\programe\apache-maven-3.5.0\bin;C:\ProgramData\NVIDIA Corporation\CUDA Samples\v5.0\bin\win32\Release;C:\Python27;C:\Modeltech_xe_starter\win32xoem
  - ProgramData=C:\ProgramData
  - ProgramFiles=C:\Program Files
  - SESSIONNAME=Console
  - SystemDrive=C:
  - SystemRoot=C:\Windows
  - TEMP=C:\Users\Oana\AppData\Local\Temp
  - TMP=C:\Users\Oana\AppData\Local\Temp
  - USERDOMAIN=Oana-PC
  - USERNAME=Oana
  - USERPROFILE=C:\Users\Oana
  - VS110COMNTOOLS=C:\Program Files\Microsoft Visual Studio 11.0\Common7\Tools\
  - WDIR=C:\
  - jvmConfig=\.mvn\jvm.config
  - windir=C:\Windows
System properties:
  - awt.toolkit=sun.awt.windows.WToolkit
  - classworlds.conf=D:\programe\apache-maven-3.5.0\bin\..\bin\m2.conf
  - file.encoding=Cp1252
  - file.encoding.pkg=sun.io
  - file.separator=\
  - guice.disable.misplaced.annotation.check=true
  - java.awt.graphicsenv=sun.awt.Win32GraphicsEnvironment
  - java.awt.printerjob=sun.awt.windows.WPrinterJob
  - java.class.path=D:\programe\apache-maven-3.5.0\bin\..\boot\plexus-classworlds-2.5.2.jar
  - java.class.version=52.0
  - java.endorsed.dirs=C:\Program Files\Java\jdk1.8.0_77\jre\lib\endorsed
  - java.ext.dirs=C:\Program Files\Java\jdk1.8.0_77\jre\lib\ext;C:\Windows\Sun\Java\lib\ext
  - java.home=C:\Program Files\Java\jdk1.8.0_77\jre
  - java.io.tmpdir=C:\Users\Oana\AppData\Local\Temp\
  - java.library.path=C:\Program Files\Java\jdk1.8.0_77\bin;C:\Windows\Sun\Java\bin;C:\Windows\system32;C:\Windows;C:\Program Files\Microsoft HPC Pack 2008 R2\Bin\;C:\Program Files\Microsoft HPC Pack 2012\Bin\;C:\ProgramData\Oracle\Java\javapath;C:\Windows\system32;C:\Windows;C:\Windows\System32\Wbem;C:\Windows\System32\WindowsPowerShell\v1.0\;C:\Program Files\Skype\Phone\;C:\Program Files\GtkSharp\2.12\bin;C:\Spin;C:\Program Files\Microsoft SQL Server\90\Tools\binn\;C:\Program Files\Microchip\xc32\v1.42\bin;C:\Program Files\Microchip\xc16\v1.30\bin;C:\Xilinx92i\bin\nt;C:\Program Files\CodeBlocks\MinGW\bin;C:\TDM-GCC-32\bin;C:\Users\Oana\AppData\Roaming\Microsoft\Windows\Start Menu\Programs\GitHub, Inc;C:\Program Files\Git\cmd;C:\Program Files\MPICH2\bin;C:\Program Files\Microsoft SQL Server\110\Tools\Binn\;D:\programe\apache-maven-3.5.0\bin;C:\ProgramData\NVIDIA Corporation\CUDA Samples\v5.0\bin\win32\Release;C:\Python27;C:\Modeltech_xe_starter\win32xoem;.
  - java.runtime.name=Java(TM) SE Runtime Environment
  - java.runtime.version=1.8.0_77-b03
  - java.specification.name=Java Platform API Specification
  - java.specification.vendor=Oracle Corporation
  - java.specification.version=1.8
  - java.vendor=Oracle Corporation
  - java.vendor.url=http://java.oracle.com/
  - java.vendor.url.bug=http://bugreport.sun.com/bugreport/
  - java.version=1.8.0_77
  - java.vm.info=mixed mode
  - java.vm.name=Java HotSpot(TM) Client VM
  - java.vm.specification.name=Java Virtual Machine Specification
  - java.vm.specification.vendor=Oracle Corporation
  - java.vm.specification.version=1.8
  - java.vm.vendor=Oracle Corporation
  - java.vm.version=25.77-b03
  - library.jansi.path=D:\programe\apache-maven-3.5.0\bin\..\lib\jansi-native\windows32
  - line.separator=

  - maven.conf=D:\programe\apache-maven-3.5.0\bin\../conf
  - maven.home=D:\programe\apache-maven-3.5.0\bin\..
  - maven.multiModuleProjectDirectory=C:\Users\Oana\Desktop\Proiect GASF\GASF
  - org.slf4j.simpleLogger.defaultLogLevel=debug
  - os.arch=x86
  - os.name=Windows 7
  - os.version=6.1
  - path.separator=;
  - sun.arch.data.model=32
  - sun.boot.class.path=C:\Program Files\Java\jdk1.8.0_77\jre\lib\resources.jar;C:\Program Files\Java\jdk1.8.0_77\jre\lib\rt.jar;C:\Program Files\Java\jdk1.8.0_77\jre\lib\sunrsasign.jar;C:\Program Files\Java\jdk1.8.0_77\jre\lib\jsse.jar;C:\Program Files\Java\jdk1.8.0_77\jre\lib\jce.jar;C:\Program Files\Java\jdk1.8.0_77\jre\lib\charsets.jar;C:\Program Files\Java\jdk1.8.0_77\jre\lib\jfr.jar;C:\Program Files\Java\jdk1.8.0_77\jre\classes
  - sun.boot.library.path=C:\Program Files\Java\jdk1.8.0_77\jre\bin
  - sun.cpu.endian=little
  - sun.cpu.isalist=pentium_pro+mmx pentium_pro pentium+mmx pentium i486 i386 i86
  - sun.desktop=windows
  - sun.io.unicode.encoding=UnicodeLittle
  - sun.java.command=org.codehaus.plexus.classworlds.launcher.Launcher sonar:sonar -Dsonar.host.url=https://sonarqube.com -Dsonar.organization=gideioanamaria-github -Dsonar.login=032159ec6e1a47d1400bc5a02ad760cc14415b0d -X
  - sun.java.launcher=SUN_STANDARD
  - sun.jnu.encoding=Cp1252
  - sun.management.compiler=HotSpot Client Compiler
  - sun.os.patch.level=
  - sun.stderr.encoding=cp437
  - sun.stdout.encoding=cp437
  - user.country=RO
  - user.country.format=US
  - user.dir=C:\Users\Oana\Desktop\Proiect GASF\GASF
  - user.home=C:\Users\Oana
  - user.language=ro
  - user.language.format=en
  - user.name=Oana
  - user.script=
  - user.timezone=Europe/Athens
  - user.variant=
SonarQube plugins:
  - CVS 1.0 (scmcvs)
  - SVN 1.3 (scmsvn)
  - SonarPLSQL 2.9.0.901 (plsql)
  - C# 5.10.1.1411 (csharp)
  - SonarJava 4.9.0.9858 (java)
  - Web 2.5.0.476 (web)
  - SonarXML 1.4.2.885 (xml)
  - Flex 2.3 (flex)
  - VB.NET 3.0.3.346 (vbnet)
  - Swift 2.0.0.1127 (swift)
  - Python 1.7.0.1195 (python)
  - SonarCFamily 4.8.0.7665 (cpp)
  - GitHub 1.4.1.822 (github)
  - GitHub Authentication for SonarQube 1.3 (authgithub)
  - SonarRPG 2.1.0.736 (rpg)
  - Mercurial 1.1.1 (scmmercurial)
  - Google Analytics 1.1 (googleanalytics)
  - SonarPLI 1.5.0.702 (pli)
  - SonarJS 3.0.0.4962 (javascript)
  - SonarCOBOL 3.4.0.1932 (cobol)
  - Git 1.2 (scmgit)
  - SonarPHP 2.10.0.2087 (php)
  - ABAP 3.3 (abap)
  - SVG Badges 3.0.1 (status)
Global properties:
  - email.from=noreply@sonarsource.com
  - email.prefix=[SonarQube.com]
  - sonar.abap.license.secured=******
  - sonar.abap.licenseHash.secured=******
  - sonar.auth.github.allowUsersToSignUp=true
  - sonar.auth.github.enabled=true
  - sonar.cobol.licenseHash.secured=******
  - sonar.core.id=AVdllfqQ9IFRWI6U49y8
  - sonar.core.serverBaseURL=https://sonarqube.com
  - sonar.core.startTime=2017-05-11T12:19:26+0200
  - sonar.cpd.cross_project=false
  - sonar.cpp.license.secured=******
  - sonar.cpp.licenseHash.secured=******
  - sonar.dbcleaner.daysBeforeDeletingClosedIssues=730
  - sonar.dbcleaner.weeksBeforeDeletingAllSnapshots=480
  - sonar.dbcleaner.weeksBeforeKeepingOnlyOneSnapshotByMonth=4
  - sonar.dbcleaner.weeksBeforeKeepingOnlyOneSnapshotByWeek=1
  - sonar.devcockpit.licenseHash.secured=******
  - sonar.google-analytics.account=UA-1880045-8
  - sonar.governance.licenseHash.secured=******
  - sonar.leak.period=30
  - sonar.lf.aboutText=<div class="boxed-group" style="border: none; border-radius: 3px;">
  <div class="boxed-group-inner clearfix" style="padding: 30px; border-radius: 3px; border: #e6e6e6 1px solid; background: #f3f3f3;">
    <div style="overflow: hidden; line-height: 1.5; font-size: 16px;">
      <p>
        <strong><a href="http://www.sonarsource.com" target="_blank">SonarSource</a>
        provides SonarQube.com for open source projects, free of charge.</strong>
      </p>
      <p class="spacer-top">
        For more information, please visit
        <a href="https://about.sonarqube.com/" target="_blank">About SonarQube.com</a>
      </p>
      <p class="spacer-top">
        Follow the
        <a href="https://about.sonarqube.com/news/" target="_blank">news</a>
        to get the latest updates!
      </p>
      <p class="big-spacer-top" style="font-size: 12px; opacity: 0.7;">
        The service is provided on a best-effort basis, and there may be occasional disruptions.
      </p>
    </div>
  </div>
</div>
  - sonar.lf.logoUrl=https://about.sonarqube.com/images/sonarqube.com_162px.png
  - sonar.lf.logoWidthPx=81
  - sonar.natural.licenseHash.secured=******
  - sonar.objc.license.secured=******
  - sonar.objc.licenseHash.secured=******
  - sonar.organizations.anyoneCanCreate=true
  - sonar.organizations.createPersonalOrg=true
  - sonar.pli.license.secured=******
  - sonar.pli.licenseHash.secured=******
  - sonar.plsql.file.suffixes=sql,tab,pkb
  - sonar.plsql.licenseHash.secured=******
  - sonar.report.licenseHash.secured=******
  - sonar.rpg.license.secured=******
  - sonar.rpg.licenseHash.secured=******
  - sonar.sqale.licenseHash.secured=******
  - sonar.swift.license.secured=******
  - sonar.swift.licenseHash.secured=******
  - sonar.vb.licenseHash.secured=******
  - sonar.vbnet.license.secured=******
  - sonar.vbnet.licenseHash.secured=******
  - sonar.views.licenseHash.secured=******
  - sonarsource.cobol.license.secured=******
  - sonarsource.plsql.license.secured=******
Settings for module: ro.web.app:GASF
  - sonar.binaries=C:\Users\Oana\Desktop\Proiect GASF\GASF\target\classes
  - sonar.coverage.exclusions=**/*Exception.*
  - sonar.groovy.binaries=C:\Users\Oana\Desktop\Proiect GASF\GASF\target\classes
  - sonar.host.url=https://sonarqube.com
  - sonar.java.binaries=C:\Users\Oana\Desktop\Proiect GASF\GASF\target\classes
  - sonar.java.libraries=C:\Users\Oana\.m2\repository\org\primefaces\primefaces\5.0\primefaces-5.0.jar,C:\Users\Oana\.m2\repository\org\eclipse\persistence\eclipselink\2.5.2\eclipselink-2.5.2.jar,C:\Users\Oana\.m2\repository\org\eclipse\persistence\javax.persistence\2.1.0\javax.persistence-2.1.0.jar,C:\Users\Oana\.m2\repository\org\eclipse\persistence\commonj.sdo\2.1.1\commonj.sdo-2.1.1.jar,C:\Users\Oana\.m2\repository\org\eclipse\persistence\org.eclipse.persistence.jpa.modelgen.processor\2.5.2\org.eclipse.persistence.jpa.modelgen.processor-2.5.2.jar,C:\Users\Oana\.m2\repository\org\eclipse\persistence\org.eclipse.persistence.core\2.5.2\org.eclipse.persistence.core-2.5.2.jar,C:\Users\Oana\.m2\repository\org\eclipse\persistence\org.eclipse.persistence.asm\2.5.2\org.eclipse.persistence.asm-2.5.2.jar,C:\Users\Oana\.m2\repository\org\eclipse\persistence\org.eclipse.persistence.jpa\2.5.2\org.eclipse.persistence.jpa-2.5.2.jar,C:\Users\Oana\.m2\repository\org\eclipse\persistence\org.eclipse.persistence.antlr\2.5.2\org.eclipse.persistence.antlr-2.5.2.jar,C:\Users\Oana\.m2\repository\org\eclipse\persistence\org.eclipse.persistence.jpa.jpql\2.5.2\org.eclipse.persistence.jpa.jpql-2.5.2.jar,C:\Users\Oana\.m2\repository\javax\javaee-web-api\7.0\javaee-web-api-7.0.jar,C:\Users\Oana\.m2\repository\com\lowagie\itext\2.1.7\itext-2.1.7.jar,C:\Users\Oana\.m2\repository\bouncycastle\bcmail-jdk14\138\bcmail-jdk14-138.jar,C:\Users\Oana\.m2\repository\bouncycastle\bcprov-jdk14\138\bcprov-jdk14-138.jar,C:\Users\Oana\.m2\repository\org\bouncycastle\bctsp-jdk14\1.38\bctsp-jdk14-1.38.jar,C:\Users\Oana\.m2\repository\org\bouncycastle\bcprov-jdk14\1.38\bcprov-jdk14-1.38.jar,C:\Users\Oana\.m2\repository\org\bouncycastle\bcmail-jdk14\1.38\bcmail-jdk14-1.38.jar
  - sonar.java.source=1.7
  - sonar.java.target=1.7
  - sonar.java.test.binaries=C:\Users\Oana\Desktop\Proiect GASF\GASF\target\test-classes
  - sonar.java.test.libraries=C:\Users\Oana\Desktop\Proiect GASF\GASF\target\classes,C:\Users\Oana\.m2\repository\org\primefaces\primefaces\5.0\primefaces-5.0.jar,C:\Users\Oana\.m2\repository\org\eclipse\persistence\eclipselink\2.5.2\eclipselink-2.5.2.jar,C:\Users\Oana\.m2\repository\org\eclipse\persistence\javax.persistence\2.1.0\javax.persistence-2.1.0.jar,C:\Users\Oana\.m2\repository\org\eclipse\persistence\commonj.sdo\2.1.1\commonj.sdo-2.1.1.jar,C:\Users\Oana\.m2\repository\org\eclipse\persistence\org.eclipse.persistence.jpa.modelgen.processor\2.5.2\org.eclipse.persistence.jpa.modelgen.processor-2.5.2.jar,C:\Users\Oana\.m2\repository\org\eclipse\persistence\org.eclipse.persistence.core\2.5.2\org.eclipse.persistence.core-2.5.2.jar,C:\Users\Oana\.m2\repository\org\eclipse\persistence\org.eclipse.persistence.asm\2.5.2\org.eclipse.persistence.asm-2.5.2.jar,C:\Users\Oana\.m2\repository\org\eclipse\persistence\org.eclipse.persistence.jpa\2.5.2\org.eclipse.persistence.jpa-2.5.2.jar,C:\Users\Oana\.m2\repository\org\eclipse\persistence\org.eclipse.persistence.antlr\2.5.2\org.eclipse.persistence.antlr-2.5.2.jar,C:\Users\Oana\.m2\repository\org\eclipse\persistence\org.eclipse.persistence.jpa.jpql\2.5.2\org.eclipse.persistence.jpa.jpql-2.5.2.jar,C:\Users\Oana\.m2\repository\javax\javaee-web-api\7.0\javaee-web-api-7.0.jar,C:\Users\Oana\.m2\repository\com\lowagie\itext\2.1.7\itext-2.1.7.jar,C:\Users\Oana\.m2\repository\bouncycastle\bcmail-jdk14\138\bcmail-jdk14-138.jar,C:\Users\Oana\.m2\repository\bouncycastle\bcprov-jdk14\138\bcprov-jdk14-138.jar,C:\Users\Oana\.m2\repository\org\bouncycastle\bctsp-jdk14\1.38\bctsp-jdk14-1.38.jar,C:\Users\Oana\.m2\repository\org\bouncycastle\bcprov-jdk14\1.38\bcprov-jdk14-1.38.jar,C:\Users\Oana\.m2\repository\org\bouncycastle\bcmail-jdk14\1.38\bcmail-jdk14-1.38.jar
  - sonar.libraries=C:\Users\Oana\.m2\repository\org\primefaces\primefaces\5.0\primefaces-5.0.jar,C:\Users\Oana\.m2\repository\org\eclipse\persistence\eclipselink\2.5.2\eclipselink-2.5.2.jar,C:\Users\Oana\.m2\repository\org\eclipse\persistence\javax.persistence\2.1.0\javax.persistence-2.1.0.jar,C:\Users\Oana\.m2\repository\org\eclipse\persistence\commonj.sdo\2.1.1\commonj.sdo-2.1.1.jar,C:\Users\Oana\.m2\repository\org\eclipse\persistence\org.eclipse.persistence.jpa.modelgen.processor\2.5.2\org.eclipse.persistence.jpa.modelgen.processor-2.5.2.jar,C:\Users\Oana\.m2\repository\org\eclipse\persistence\org.eclipse.persistence.core\2.5.2\org.eclipse.persistence.core-2.5.2.jar,C:\Users\Oana\.m2\repository\org\eclipse\persistence\org.eclipse.persistence.asm\2.5.2\org.eclipse.persistence.asm-2.5.2.jar,C:\Users\Oana\.m2\repository\org\eclipse\persistence\org.eclipse.persistence.jpa\2.5.2\org.eclipse.persistence.jpa-2.5.2.jar,C:\Users\Oana\.m2\repository\org\eclipse\persistence\org.eclipse.persistence.antlr\2.5.2\org.eclipse.persistence.antlr-2.5.2.jar,C:\Users\Oana\.m2\repository\org\eclipse\persistence\org.eclipse.persistence.jpa.jpql\2.5.2\org.eclipse.persistence.jpa.jpql-2.5.2.jar,C:\Users\Oana\.m2\repository\javax\javaee-web-api\7.0\javaee-web-api-7.0.jar,C:\Users\Oana\.m2\repository\com\lowagie\itext\2.1.7\itext-2.1.7.jar,C:\Users\Oana\.m2\repository\bouncycastle\bcmail-jdk14\138\bcmail-jdk14-138.jar,C:\Users\Oana\.m2\repository\bouncycastle\bcprov-jdk14\138\bcprov-jdk14-138.jar,C:\Users\Oana\.m2\repository\org\bouncycastle\bctsp-jdk14\1.38\bctsp-jdk14-1.38.jar,C:\Users\Oana\.m2\repository\org\bouncycastle\bcprov-jdk14\1.38\bcprov-jdk14-1.38.jar,C:\Users\Oana\.m2\repository\org\bouncycastle\bcmail-jdk14\1.38\bcmail-jdk14-1.38.jar
  - sonar.links.ci=
  - sonar.links.homepage=
  - sonar.links.issue=
  - sonar.links.scm=
  - sonar.links.scm_dev=
  - sonar.login=******
  - sonar.maven.projectDependencies=[{"k":"org.primefaces:primefaces","v":"5.0","s":"compile","d":[]},{"k":"org.eclipse.persistence:eclipselink","v":"2.5.2","s":"provided","d":[{"k":"org.eclipse.persistence:javax.persistence","v":"2.1.0","s":"provided","d":[]},{"k":"org.eclipse.persistence:commonj.sdo","v":"2.1.1","s":"provided","d":[]}]},{"k":"org.eclipse.persistence:org.eclipse.persistence.jpa.modelgen.processor","v":"2.5.2","s":"provided","d":[{"k":"org.eclipse.persistence:org.eclipse.persistence.core","v":"2.5.2","s":"provided","d":[{"k":"org.eclipse.persistence:org.eclipse.persistence.asm","v":"2.5.2","s":"provided","d":[]}]},{"k":"org.eclipse.persistence:org.eclipse.persistence.jpa","v":"2.5.2","s":"provided","d":[{"k":"org.eclipse.persistence:org.eclipse.persistence.antlr","v":"2.5.2","s":"provided","d":[]},{"k":"org.eclipse.persistence:org.eclipse.persistence.jpa.jpql","v":"2.5.2","s":"provided","d":[]}]}]},{"k":"javax:javaee-web-api","v":"7.0","s":"provided","d":[]},{"k":"com.lowagie:itext","v":"2.1.7","s":"compile","d":[{"k":"bouncycastle:bcmail-jdk14","v":"138","s":"compile","d":[]},{"k":"bouncycastle:bcprov-jdk14","v":"138","s":"compile","d":[]},{"k":"org.bouncycastle:bctsp-jdk14","v":"1.38","s":"compile","d":[{"k":"org.bouncycastle:bcprov-jdk14","v":"1.38","s":"compile","d":[]},{"k":"org.bouncycastle:bcmail-jdk14","v":"1.38","s":"compile","d":[]}]}]}]
  - sonar.moduleKey=ro.web.app:GASF
  - sonar.organization=gideioanamaria-github
  - sonar.projectBaseDir=C:\Users\Oana\Desktop\Proiect GASF\GASF
  - sonar.projectBuildDir=C:\Users\Oana\Desktop\Proiect GASF\GASF\target
  - sonar.projectKey=ro.web.app:GASF
  - sonar.projectName=GASF
  - sonar.projectVersion=1.0-SNAPSHOT
  - sonar.sourceEncoding=UTF-8
  - sonar.sources=C:\Users\Oana\Desktop\Proiect GASF\GASF\src\main\webapp,C:\Users\Oana\Desktop\Proiect GASF\GASF\pom.xml,C:\Users\Oana\Desktop\Proiect GASF\GASF\src\main\java
  - sonar.working.directory=C:\Users\Oana\Desktop\Proiect GASF\GASF\target\sonar
